2023-04-28 16:05:02.536 +03:00 [WRN] TreeRoutine.Routine.BuildYourOwnRoutine.Flask.FlaskSetting[] not supported for menu now. Ask developers to add this type.
2023-04-28 16:05:02.540 +03:00 [WRN] <0, 0> not supported for menu now. Ask developers to add this type.
2023-04-28 16:05:02.541 +03:00 [WRN] <0, 0> not supported for menu now. Ask developers to add this type.
2023-04-28 16:05:02.545 +03:00 [WRN] TreeRoutine.Routine.BasicFlaskRoutine.Flask.FlaskSetting[] not supported for menu now. Ask developers to add this type.
2023-04-28 16:05:02.580 +03:00 [WRN] 0 not supported for menu now. Ask developers to add this type.
2023-04-28 16:05:02.598 +03:00 [WRN] System.Int32[,] not supported for menu now. Ask developers to add this type.
2023-04-28 16:05:02.601 +03:00 [WRN] 16 not supported for menu now. Ask developers to add this type.
2023-04-28 16:05:02.617 +03:00 [WRN] ExileCore.Shared.Nodes.RangeNode`1[System.Byte] not supported for menu now. Ask developers to add this type.
2023-04-28 16:05:02.617 +03:00 [WRN] ExileCore.Shared.Nodes.RangeNode`1[System.Byte] not supported for menu now. Ask developers to add this type.
2023-04-28 16:05:02.617 +03:00 [WRN] ExileCore.Shared.Nodes.RangeNode`1[System.Byte] not supported for menu now. Ask developers to add this type.
2023-04-28 16:05:02.688 +03:00 [WRN]  not supported for menu now. Ask developers to add this type.
2023-04-28 16:05:02.688 +03:00 [WRN]  not supported for menu now. Ask developers to add this type.
2023-04-28 16:05:02.688 +03:00 [WRN]  not supported for menu now. Ask developers to add this type.
2023-04-28 16:05:02.688 +03:00 [WRN] PassiveSkillTreePlanter.TreeConfig+SkillTreeData not supported for menu now. Ask developers to add this type.
2023-04-28 16:05:02.688 +03:00 [WRN] PassiveSkillTreePlanter.TreeConfig+SkillTreeData not supported for menu now. Ask developers to add this type.
2023-04-28 16:05:02.695 +03:00 [WRN]  not supported for menu now. Ask developers to add this type.
2023-04-28 16:05:02.695 +03:00 [WRN]  not supported for menu now. Ask developers to add this type.
2023-04-28 16:05:02.695 +03:00 [WRN]  not supported for menu now. Ask developers to add this type.
2023-04-28 16:05:02.695 +03:00 [WRN]  not supported for menu now. Ask developers to add this type.
2023-04-28 16:05:02.695 +03:00 [WRN]  not supported for menu now. Ask developers to add this type.
2023-04-28 16:05:02.695 +03:00 [WRN]  not supported for menu now. Ask developers to add this type.
2023-04-28 16:05:02.695 +03:00 [WRN] <0, 0> not supported for menu now. Ask developers to add this type.
2023-04-28 16:05:02.695 +03:00 [WRN] PickIt.PickItSettings+FRSMOverrides not supported for menu now. Ask developers to add this type.
2023-04-28 16:05:02.739 +03:00 [WRN] System.Int32[,] not supported for menu now. Ask developers to add this type.
